[0.362s] Invoking command in '/home/ronish/bot_ws/src/bot_interface': CONDA_PROMPT_MODIFIER=(base) PYTHONPATH=/home/ronish/bot_ws/build/bot_interface/prefix_override:/usr/lib/python3/dist-packages/colcon_core/task/python/colcon_distutils_commands:/home/ronish/bot_ws/install/bot_interface/lib/python3.10/site-packages:${PYTHONPATH} /usr/bin/python3 -W ignore:setup.py install is deprecated -W ignore:easy_install command is deprecated setup.py egg_info --egg-base ../../build/bot_interface build --build-base /home/ronish/bot_ws/build/bot_interface/build install --record /home/ronish/bot_ws/build/bot_interface/install.log --single-version-externally-managed install_data
[0.511s] running egg_info
[0.512s] writing ../../build/bot_interface/bot_interface.egg-info/PKG-INFO
[0.512s] writing dependency_links to ../../build/bot_interface/bot_interface.egg-info/dependency_links.txt
[0.512s] writing entry points to ../../build/bot_interface/bot_interface.egg-info/entry_points.txt
[0.512s] writing requirements to ../../build/bot_interface/bot_interface.egg-info/requires.txt
[0.512s] writing top-level names to ../../build/bot_interface/bot_interface.egg-info/top_level.txt
[0.513s] reading manifest file '../../build/bot_interface/bot_interface.egg-info/SOURCES.txt'
[0.513s] writing manifest file '../../build/bot_interface/bot_interface.egg-info/SOURCES.txt'
[0.513s] running build
[0.513s] running build_py
[0.513s] copying bot_interface/bot_node.py -> /home/ronish/bot_ws/build/bot_interface/build/lib/bot_interface
[0.513s] copying bot_interface/lidar_visualizer.py -> /home/ronish/bot_ws/build/bot_interface/build/lib/bot_interface
[0.513s] running install
[0.514s] running install_lib
[0.514s] copying /home/ronish/bot_ws/build/bot_interface/build/lib/bot_interface/bot_node.py -> /home/ronish/bot_ws/install/bot_interface/lib/python3.10/site-packages/bot_interface
[0.514s] copying /home/ronish/bot_ws/build/bot_interface/build/lib/bot_interface/lidar_visualizer.py -> /home/ronish/bot_ws/install/bot_interface/lib/python3.10/site-packages/bot_interface
[0.514s] byte-compiling /home/ronish/bot_ws/install/bot_interface/lib/python3.10/site-packages/bot_interface/bot_node.py to bot_node.cpython-310.pyc
[0.514s] byte-compiling /home/ronish/bot_ws/install/bot_interface/lib/python3.10/site-packages/bot_interface/lidar_visualizer.py to lidar_visualizer.cpython-310.pyc
[0.515s] running install_data
[0.515s] running install_egg_info
[0.516s] removing '/home/ronish/bot_ws/install/bot_interface/lib/python3.10/site-packages/bot_interface-0.1.0-py3.10.egg-info' (and everything under it)
[0.516s] Copying ../../build/bot_interface/bot_interface.egg-info to /home/ronish/bot_ws/install/bot_interface/lib/python3.10/site-packages/bot_interface-0.1.0-py3.10.egg-info
[0.516s] running install_scripts
[0.532s] Installing bot_node script to /home/ronish/bot_ws/install/bot_interface/lib/bot_interface
[0.532s] Installing lidar_visualizer script to /home/ronish/bot_ws/install/bot_interface/lib/bot_interface
[0.532s] writing list of installed files to '/home/ronish/bot_ws/build/bot_interface/install.log'
[0.553s] Invoked command in '/home/ronish/bot_ws/src/bot_interface' returned '0': CONDA_PROMPT_MODIFIER=(base) PYTHONPATH=/home/ronish/bot_ws/build/bot_interface/prefix_override:/usr/lib/python3/dist-packages/colcon_core/task/python/colcon_distutils_commands:/home/ronish/bot_ws/install/bot_interface/lib/python3.10/site-packages:${PYTHONPATH} /usr/bin/python3 -W ignore:setup.py install is deprecated -W ignore:easy_install command is deprecated setup.py egg_info --egg-base ../../build/bot_interface build --build-base /home/ronish/bot_ws/build/bot_interface/build install --record /home/ronish/bot_ws/build/bot_interface/install.log --single-version-externally-managed install_data
