[0.357s] Invoking command in '/home/ronish/bot_ws/build/bot_interface': CONDA_PROMPT_MODIFIER=(base) PYTHONPATH=/home/ronish/bot_ws/build/bot_interface/prefix_override:/usr/lib/python3/dist-packages/colcon_core/task/python/colcon_distutils_commands:/home/ronish/bot_ws/install/bot_interface/lib/python3.10/site-packages:${PYTHONPATH} /usr/bin/python3 -W ignore:setup.py install is deprecated -W ignore:easy_install command is deprecated setup.py develop --uninstall --editable --build-directory /home/ronish/bot_ws/build/bot_interface/build
[0.505s] running develop
[0.601s] Removing /home/ronish/bot_ws/install/bot_interface/lib/python3.10/site-packages/bot-interface.egg-link (link to .)
[0.613s] Invoked command in '/home/ronish/bot_ws/build/bot_interface' returned '0': CONDA_PROMPT_MODIFIER=(base) PYTHONPATH=/home/ronish/bot_ws/build/bot_interface/prefix_override:/usr/lib/python3/dist-packages/colcon_core/task/python/colcon_distutils_commands:/home/ronish/bot_ws/install/bot_interface/lib/python3.10/site-packages:${PYTHONPATH} /usr/bin/python3 -W ignore:setup.py install is deprecated -W ignore:easy_install command is deprecated setup.py develop --uninstall --editable --build-directory /home/ronish/bot_ws/build/bot_interface/build
[0.614s] Invoking command in '/home/ronish/bot_ws/src/bot_interface': CONDA_PROMPT_MODIFIER=(base) PYTHONPATH=/home/ronish/bot_ws/build/bot_interface/prefix_override:/usr/lib/python3/dist-packages/colcon_core/task/python/colcon_distutils_commands:/home/ronish/bot_ws/install/bot_interface/lib/python3.10/site-packages:${PYTHONPATH} /usr/bin/python3 -W ignore:setup.py install is deprecated -W ignore:easy_install command is deprecated setup.py egg_info --egg-base ../../build/bot_interface build --build-base /home/ronish/bot_ws/build/bot_interface/build install --record /home/ronish/bot_ws/build/bot_interface/install.log --single-version-externally-managed install_data --force
[0.750s] running egg_info
[0.750s] writing ../../build/bot_interface/bot_interface.egg-info/PKG-INFO
[0.750s] writing dependency_links to ../../build/bot_interface/bot_interface.egg-info/dependency_links.txt
[0.750s] writing entry points to ../../build/bot_interface/bot_interface.egg-info/entry_points.txt
[0.750s] writing requirements to ../../build/bot_interface/bot_interface.egg-info/requires.txt
[0.750s] writing top-level names to ../../build/bot_interface/bot_interface.egg-info/top_level.txt
[0.752s] reading manifest file '../../build/bot_interface/bot_interface.egg-info/SOURCES.txt'
[0.752s] writing manifest file '../../build/bot_interface/bot_interface.egg-info/SOURCES.txt'
[0.752s] running build
[0.752s] running build_py
[0.752s] copying bot_interface/bot_node.py -> /home/ronish/bot_ws/build/bot_interface/build/lib/bot_interface
[0.752s] copying bot_interface/lidar_visualizer.py -> /home/ronish/bot_ws/build/bot_interface/build/lib/bot_interface
[0.752s] running install
[0.752s] running install_lib
[0.753s] creating /home/ronish/bot_ws/install/bot_interface/lib/python3.10/site-packages/bot_interface
[0.753s] copying /home/ronish/bot_ws/build/bot_interface/build/lib/bot_interface/bot_node.py -> /home/ronish/bot_ws/install/bot_interface/lib/python3.10/site-packages/bot_interface
[0.753s] copying /home/ronish/bot_ws/build/bot_interface/build/lib/bot_interface/lidar_visualizer.py -> /home/ronish/bot_ws/install/bot_interface/lib/python3.10/site-packages/bot_interface
[0.753s] copying /home/ronish/bot_ws/build/bot_interface/build/lib/bot_interface/__init__.py -> /home/ronish/bot_ws/install/bot_interface/lib/python3.10/site-packages/bot_interface
[0.753s] byte-compiling /home/ronish/bot_ws/install/bot_interface/lib/python3.10/site-packages/bot_interface/bot_node.py to bot_node.cpython-310.pyc
[0.754s] byte-compiling /home/ronish/bot_ws/install/bot_interface/lib/python3.10/site-packages/bot_interface/lidar_visualizer.py to lidar_visualizer.cpython-310.pyc
[0.754s] byte-compiling /home/ronish/bot_ws/install/bot_interface/lib/python3.10/site-packages/bot_interface/__init__.py to __init__.cpython-310.pyc
[0.754s] running install_data
[0.754s] copying resource/bot_interface -> /home/ronish/bot_ws/install/bot_interface/share/ament_index/resource_index/packages
[0.754s] copying package.xml -> /home/ronish/bot_ws/install/bot_interface/share/bot_interface
[0.754s] running install_egg_info
[0.755s] Copying ../../build/bot_interface/bot_interface.egg-info to /home/ronish/bot_ws/install/bot_interface/lib/python3.10/site-packages/bot_interface-0.1.0-py3.10.egg-info
[0.755s] running install_scripts
[0.766s] Installing bot_node script to /home/ronish/bot_ws/install/bot_interface/lib/bot_interface
[0.766s] Installing lidar_visualizer script to /home/ronish/bot_ws/install/bot_interface/lib/bot_interface
[0.766s] writing list of installed files to '/home/ronish/bot_ws/build/bot_interface/install.log'
[0.777s] Invoked command in '/home/ronish/bot_ws/src/bot_interface' returned '0': CONDA_PROMPT_MODIFIER=(base) PYTHONPATH=/home/ronish/bot_ws/build/bot_interface/prefix_override:/usr/lib/python3/dist-packages/colcon_core/task/python/colcon_distutils_commands:/home/ronish/bot_ws/install/bot_interface/lib/python3.10/site-packages:${PYTHONPATH} /usr/bin/python3 -W ignore:setup.py install is deprecated -W ignore:easy_install command is deprecated setup.py egg_info --egg-base ../../build/bot_interface build --build-base /home/ronish/bot_ws/build/bot_interface/build install --record /home/ronish/bot_ws/build/bot_interface/install.log --single-version-externally-managed install_data --force
